<?xml version="1.0" encoding="UTF-8"?>
<!-- Generated by org.testng.reporters.JUnitReportReporter -->
<testsuite hostname="micemouse" name="mmud.testing.tests.database.entities.CharacterInfoTest" tests="4" failures="0" timestamp="16 Apr 2012 20:06:23 GMT" time="0.526" errors="0">
  <testcase name="checkHomepageurlValidationTest" time="0.349" classname="mmud.testing.tests.database.entities.CharacterInfoTest"/>
  <testcase name="checkImageurlValidationTest" time="0.052" classname="mmud.testing.tests.database.entities.CharacterInfoTest"/>
  <testcase name="checkImageurlAndHomepageurlValidationTest" time="0.072" classname="mmud.testing.tests.database.entities.CharacterInfoTest"/>
  <testcase name="checkUrlValidationTest" time="0.053" classname="mmud.testing.tests.database.entities.CharacterInfoTest"/>
</testsuite> <!-- mmud.testing.tests.database.entities.CharacterInfoTest -->
