<?xml version="1.0" encoding="UTF-8"?>
<!-- Generated by org.testng.reporters.JUnitReportReporter -->
<testsuite hostname="micemouse" name="mmud.testing.tests.commands.NormalCommandTest" tests="5" failures="0" timestamp="17 May 2012 11:24:36 GMT" time="0.037" errors="0">
  <testcase name="checkParsedCommandNoLimit2" time="0.001" classname="mmud.testing.tests.commands.NormalCommandTest"/>
  <testcase name="checkParsedCommandLimit4" time="0.001" classname="mmud.testing.tests.commands.NormalCommandTest"/>
  <testcase name="checkParsedCommandNoLimit" time="0.000" classname="mmud.testing.tests.commands.NormalCommandTest"/>
  <testcase name="checkParsedCommandLimit2" time="0.002" classname="mmud.testing.tests.commands.NormalCommandTest"/>
  <testcase name="checkParsedCommandLimit" time="0.033" classname="mmud.testing.tests.commands.NormalCommandTest"/>
</testsuite> <!-- mmud.testing.tests.commands.NormalCommandTest -->
