<?xml version="1.0" encoding="UTF-8"?>
<!-- Generated by org.testng.reporters.JUnitReportReporter -->
<testsuite hostname="micemouse" name="mmud.testing.tests.database.entities.PersonTest" tests="4" failures="0" timestamp="5 May 2012 22:30:06 GMT" time="0.260" errors="0">
  <testcase name="writeStrangeOpenTagMessageTest" time="0.044" classname="mmud.testing.tests.database.entities.PersonTest"/>
  <testcase name="writeMessageTest" time="0.111" classname="mmud.testing.tests.database.entities.PersonTest"/>
  <testcase name="writeStrangeMessageTest" time="0.048" classname="mmud.testing.tests.database.entities.PersonTest"/>
  <testcase name="writeStrangeMessageManyTagsTest" time="0.057" classname="mmud.testing.tests.database.entities.PersonTest"/>
</testsuite> <!-- mmud.testing.tests.database.entities.PersonTest -->
