<?xml version="1.0" encoding="UTF-8"?>
<!-- Generated by org.testng.reporters.JUnitReportReporter -->
<testsuite hostname="micemouse" name="mmud.testing.tests.database.entities.CharacterInfoTest" tests="4" failures="0" timestamp="17 May 2012 11:24:36 GMT" time="0.972" errors="0">
  <testcase name="checkImageurlValidationTest" time="0.106" classname="mmud.testing.tests.database.entities.CharacterInfoTest"/>
  <testcase name="checkImageurlAndHomepageurlValidationTest" time="0.117" classname="mmud.testing.tests.database.entities.CharacterInfoTest"/>
  <testcase name="checkUrlValidationTest" time="0.093" classname="mmud.testing.tests.database.entities.CharacterInfoTest"/>
  <testcase name="checkHomepageurlValidationTest" time="0.656" classname="mmud.testing.tests.database.entities.CharacterInfoTest"/>
</testsuite> <!-- mmud.testing.tests.database.entities.CharacterInfoTest -->
