<?xml version="1.0" encoding="UTF-8"?>
<!-- Generated by org.testng.reporters.JUnitReportReporter -->
<testsuite hostname="micemouse" name="mmud.testing.tests.database.entities.CharacterInfoTest" tests="4" failures="0" timestamp="5 May 2012 22:30:06 GMT" time="0.567" errors="0">
  <testcase name="checkImageurlAndHomepageurlValidationTest" time="0.096" classname="mmud.testing.tests.database.entities.CharacterInfoTest"/>
  <testcase name="checkUrlValidationTest" time="0.060" classname="mmud.testing.tests.database.entities.CharacterInfoTest"/>
  <testcase name="checkHomepageurlValidationTest" time="0.354" classname="mmud.testing.tests.database.entities.CharacterInfoTest"/>
  <testcase name="checkImageurlValidationTest" time="0.057" classname="mmud.testing.tests.database.entities.CharacterInfoTest"/>
</testsuite> <!-- mmud.testing.tests.database.entities.CharacterInfoTest -->
