<?xml version="1.0" encoding="UTF-8"?>
<!-- Generated by org.testng.reporters.JUnitReportReporter -->
<testsuite hostname="micemouse" name="mmud.testing.tests.database.entities.PersonTest" tests="4" failures="0" timestamp="17 May 2012 11:24:36 GMT" time="0.422" errors="0">
  <testcase name="writeStrangeMessageManyTagsTest" time="0.067" classname="mmud.testing.tests.database.entities.PersonTest"/>
  <testcase name="writeMessageTest" time="0.180" classname="mmud.testing.tests.database.entities.PersonTest"/>
  <testcase name="writeStrangeMessageTest" time="0.101" classname="mmud.testing.tests.database.entities.PersonTest"/>
  <testcase name="writeStrangeOpenTagMessageTest" time="0.074" classname="mmud.testing.tests.database.entities.PersonTest"/>
</testsuite> <!-- mmud.testing.tests.database.entities.PersonTest -->
