<?xml version="1.0" encoding="UTF-8"?>
<!-- Generated by org.testng.reporters.JUnitReportReporter -->
<testsuite hostname="micemouse" name="mmud.testing.tests.PrivateBeanTest" tests="25" failures="0" timestamp="17 May 2012 11:24:36 GMT" time="0.547" errors="0">
  <testcase name="deleteMailNotFound" time="0.019" classname="mmud.testing.tests.PrivateBeanTest"/>
  <testcase name="hasNewMail" time="0.013" classname="mmud.testing.tests.PrivateBeanTest"/>
  <testcase name="updateCharacterSheetScriptInjection" time="0.043" classname="mmud.testing.tests.PrivateBeanTest"/>
  <testcase name="updateFamilyvalues" time="0.003" classname="mmud.testing.tests.PrivateBeanTest"/>
  <testcase name="listMailAuthenticate2" time="0.001" classname="mmud.testing.tests.PrivateBeanTest"/>
  <testcase name="listMailEmpty" time="0.004" classname="mmud.testing.tests.PrivateBeanTest"/>
  <testcase name="listMail" time="0.005" classname="mmud.testing.tests.PrivateBeanTest"/>
  <testcase name="deleteFamilyvalues" time="0.142" classname="mmud.testing.tests.PrivateBeanTest"/>
  <testcase name="newMailToBot" time="0.014" classname="mmud.testing.tests.PrivateBeanTest"/>
  <testcase name="getMailSomeoneElse" time="0.003" classname="mmud.testing.tests.PrivateBeanTest"/>
  <testcase name="deleteMailNotYours" time="0.003" classname="mmud.testing.tests.PrivateBeanTest"/>
  <testcase name="newCharacterSheet" time="0.104" classname="mmud.testing.tests.PrivateBeanTest"/>
  <testcase name="getMailDeleted" time="0.002" classname="mmud.testing.tests.PrivateBeanTest"/>
  <testcase name="deleteMail" time="0.014" classname="mmud.testing.tests.PrivateBeanTest"/>
  <testcase name="updateCharacterSheet" time="0.083" classname="mmud.testing.tests.PrivateBeanTest"/>
  <testcase name="listMailAuthenticate1" time="0.002" classname="mmud.testing.tests.PrivateBeanTest"/>
  <testcase name="newMailToUnknownUser" time="0.006" classname="mmud.testing.tests.PrivateBeanTest"/>
  <testcase name="getMailDoesnotExist" time="0.031" classname="mmud.testing.tests.PrivateBeanTest"/>
  <testcase name="updateFamilyvaluesNotFound" time="0.002" classname="mmud.testing.tests.PrivateBeanTest"/>
  <testcase name="listMailAuthenticate3" time="0.002" classname="mmud.testing.tests.PrivateBeanTest"/>
  <testcase name="hasNoNewMail" time="0.009" classname="mmud.testing.tests.PrivateBeanTest"/>
  <testcase name="newFamilyvalues" time="0.005" classname="mmud.testing.tests.PrivateBeanTest"/>
  <testcase name="updateCharacterSheetOfSomebodyElse" time="0.026" classname="mmud.testing.tests.PrivateBeanTest"/>
  <testcase name="newMail" time="0.006" classname="mmud.testing.tests.PrivateBeanTest"/>
  <testcase name="getMail" time="0.005" classname="mmud.testing.tests.PrivateBeanTest"/>
</testsuite> <!-- mmud.testing.tests.PrivateBeanTest -->
