<?xml version="1.0" encoding="UTF-8"?>
<!-- Generated by org.testng.reporters.JUnitReportReporter -->
<testsuite hostname="micemouse" name="mmud.testing.tests.PublicBeanTest" tests="15" failures="0" timestamp="17 May 2012 11:24:36 GMT" time="0.109" errors="0">
  <testcase name="charactersheetsEmptyTest" time="0.002" classname="mmud.testing.tests.PublicBeanTest"/>
  <testcase name="fortunesTest" time="0.001" classname="mmud.testing.tests.PublicBeanTest"/>
  <testcase name="guildsEmptyTest" time="0.002" classname="mmud.testing.tests.PublicBeanTest"/>
  <testcase name="charactersheetTest" time="0.028" classname="mmud.testing.tests.PublicBeanTest"/>
  <testcase name="fortunesEmptyTest" time="0.003" classname="mmud.testing.tests.PublicBeanTest"/>
  <testcase name="newsTest" time="0.012" classname="mmud.testing.tests.PublicBeanTest"/>
  <testcase name="guildsTest" time="0.003" classname="mmud.testing.tests.PublicBeanTest"/>
  <testcase name="statusEmptyTest" time="0.006" classname="mmud.testing.tests.PublicBeanTest"/>
  <testcase name="newsEmptyTest" time="0.008" classname="mmud.testing.tests.PublicBeanTest"/>
  <testcase name="whoEmptyTest" time="0.014" classname="mmud.testing.tests.PublicBeanTest"/>
  <testcase name="charactersheetNotFoundTest" time="0.003" classname="mmud.testing.tests.PublicBeanTest"/>
  <testcase name="hello" time="0.015" classname="mmud.testing.tests.PublicBeanTest"/>
  <testcase name="statusTest" time="0.004" classname="mmud.testing.tests.PublicBeanTest"/>
  <testcase name="charactersheetsTest" time="0.003" classname="mmud.testing.tests.PublicBeanTest"/>
  <testcase name="whoTest" time="0.005" classname="mmud.testing.tests.PublicBeanTest"/>
</testsuite> <!-- mmud.testing.tests.PublicBeanTest -->
