<?xml version="1.0" encoding="UTF-8"?>
<!-- Generated by org.testng.reporters.JUnitReportReporter -->
<testsuite hostname="micemouse" name="mmud.testing.tests.PrivateBeanTest" tests="29" failures="0" timestamp="16 Apr 2012 20:06:23 GMT" time="0.622" errors="0">
  <testcase name="createMailItemError2" time="0.002" classname="mmud.testing.tests.PrivateBeanTest"/>
  <testcase name="updateFamilyvalues" time="0.002" classname="mmud.testing.tests.PrivateBeanTest"/>
  <testcase name="createMailItemError1" time="0.003" classname="mmud.testing.tests.PrivateBeanTest"/>
  <testcase name="listMailAuthenticate2" time="0.001" classname="mmud.testing.tests.PrivateBeanTest"/>
  <testcase name="deleteMailNotYours" time="0.002" classname="mmud.testing.tests.PrivateBeanTest"/>
  <testcase name="getMailDeleted" time="0.049" classname="mmud.testing.tests.PrivateBeanTest"/>
  <testcase name="newFamilyvalues" time="0.002" classname="mmud.testing.tests.PrivateBeanTest"/>
  <testcase name="updateCharacterSheetScriptInjection" time="0.120" classname="mmud.testing.tests.PrivateBeanTest"/>
  <testcase name="getMailDoesnotExist" time="0.003" classname="mmud.testing.tests.PrivateBeanTest"/>
  <testcase name="updateFamilyvaluesNotFound" time="0.001" classname="mmud.testing.tests.PrivateBeanTest"/>
  <testcase name="newCharacterSheet" time="0.085" classname="mmud.testing.tests.PrivateBeanTest"/>
  <testcase name="deleteMailNotFound" time="0.022" classname="mmud.testing.tests.PrivateBeanTest"/>
  <testcase name="listMail" time="0.003" classname="mmud.testing.tests.PrivateBeanTest"/>
  <testcase name="createMailItem" time="0.061" classname="mmud.testing.tests.PrivateBeanTest"/>
  <testcase name="listMailAuthenticate3" time="0.001" classname="mmud.testing.tests.PrivateBeanTest"/>
  <testcase name="createSecondMailItem" time="0.003" classname="mmud.testing.tests.PrivateBeanTest"/>
  <testcase name="hasNewMail" time="0.002" classname="mmud.testing.tests.PrivateBeanTest"/>
  <testcase name="updateCharacterSheet" time="0.157" classname="mmud.testing.tests.PrivateBeanTest"/>
  <testcase name="newMail" time="0.004" classname="mmud.testing.tests.PrivateBeanTest"/>
  <testcase name="newMailToUnknownUser" time="0.002" classname="mmud.testing.tests.PrivateBeanTest"/>
  <testcase name="listMailEmpty" time="0.003" classname="mmud.testing.tests.PrivateBeanTest"/>
  <testcase name="getMailSomeoneElse" time="0.002" classname="mmud.testing.tests.PrivateBeanTest"/>
  <testcase name="listMailAuthenticate1" time="0.001" classname="mmud.testing.tests.PrivateBeanTest"/>
  <testcase name="getMail" time="0.003" classname="mmud.testing.tests.PrivateBeanTest"/>
  <testcase name="deleteFamilyvalues" time="0.004" classname="mmud.testing.tests.PrivateBeanTest"/>
  <testcase name="deleteMail" time="0.002" classname="mmud.testing.tests.PrivateBeanTest"/>
  <testcase name="hasNoNewMail" time="0.002" classname="mmud.testing.tests.PrivateBeanTest"/>
  <testcase name="updateCharacterSheetOfSomebodyElse" time="0.076" classname="mmud.testing.tests.PrivateBeanTest"/>
  <testcase name="newMailToBot" time="0.004" classname="mmud.testing.tests.PrivateBeanTest"/>
</testsuite> <!-- mmud.testing.tests.PrivateBeanTest -->
